[2026-03-03 23:17:39] local.ERROR: Secret is not set. {"exception":"[object] (Tymon\\JWTAuth\\Exceptions\\JWTException(code: 0): Secret is not set. at C:/xampp/htdocs/Nueva_carpeta/API/vendor/tymon/jwt-auth/src/Providers/JWT/Lcobucci.php:244)
[stacktrace]
#0 C:/xampp/htdocs/Nueva_carpeta/API/vendor/tymon/jwt-auth/src/Providers/JWT/Lcobucci.php(186): Tymon/JWTAuth/Providers/JWT/Lcobucci->getSigningKey()
#1 C:/xampp/htdocs/Nueva_carpeta/API/vendor/tymon/jwt-auth/src/Providers/JWT/Lcobucci.php(57): Tymon/JWTAuth/Providers/JWT/Lcobucci->buildConfig()
#2 C:/xampp/htdocs/Nueva_carpeta/API/vendor/tymon/jwt-auth/src/Providers/AbstractServiceProvider.php(167): Tymon/JWTAuth/Providers/JWT/Lcobucci->__construct(NULL, 'HS256', Array)
#3 C:/xampp/htdocs/Nueva_carpeta/API/vendor/laravel/framework/src/Illuminate/Container/Container.php(1115): Tymon/JWTAuth/Providers/AbstractServiceProvider->Tymon/JWTAuth/Providers/{closure}(Object(Illuminate/Foundation/Application), Array)
#4 C:/xampp/htdocs/Nueva_carpeta/API/vendor/laravel/framework/src/Illuminate/Container/Container.php(933): Illuminate/Container/Container->build(Object(Closure))
#5 C:/xampp/htdocs/Nueva_carpeta/API/vendor/laravel/framework/src/Illuminate/Foundation/Application.php(1078): Illuminate/Container/Container->resolve('tymon.jwt.provi...', Array, true)
#6 C:/xampp/htdocs/Nueva_carpeta/API/vendor/laravel/framework/src/Illuminate/Container/Container.php(864): Illuminate/Foundation/Application->resolve('tymon.jwt.provi...', Array)
#7 C:/xampp/htdocs/Nueva_carpeta/API/vendor/laravel/framework/src/Illuminate/Foundation/Application.php(1058): Illuminate/Container/Container->make('tymon.jwt.provi...', Array)
#8 C:/xampp/htdocs/Nueva_carpeta/API/vendor/tymon/jwt-auth/src/Providers/AbstractServiceProvider.php(367): Illuminate/Foundation/Application->make('tymon.jwt.provi...')
#9 C:/xampp/htdocs/Nueva_carpeta/API/vendor/tymon/jwt-auth/src/Providers/AbstractServiceProvider.php(138): Tymon/JWTAuth/Providers/AbstractServiceProvider->getConfigInstance('providers.jwt')
#10 C:/xampp/htdocs/Nueva_carpeta/API/vendor/laravel/framework/src/Illuminate/Container/Container.php(1115): Tymon/JWTAuth/Providers/AbstractServiceProvider->Tymon/JWTAuth/Providers/{closure}(Object(Illuminate/Foundation/Application), Array)
#11 C:/xampp/htdocs/Nueva_carpeta/API/vendor/laravel/framework/src/Illuminate/Container/Container.php(933): Illuminate/Container/Container->build(Object(Closure))
#12 C:/xampp/htdocs/Nueva_carpeta/API/vendor/laravel/framework/src/Illuminate/Foundation/Application.php(1078): Illuminate/Container/Container->resolve('tymon.jwt.provi...', Array, true)
#13 C:/xampp/htdocs/Nueva_carpeta/API/vendor/laravel/framework/src/Illuminate/Container/Container.php(864): Illuminate/Foundation/Application->resolve('tymon.jwt.provi...', Array)
#14 C:/xampp/htdocs/Nueva_carpeta/API/vendor/laravel/framework/src/Illuminate/Foundation/Application.php(1058): Illuminate/Container/Container->make('tymon.jwt.provi...', Array)
#15 C:/xampp/htdocs/Nueva_carpeta/API/vendor/laravel/framework/src/Illuminate/Container/Container.php(1805): Illuminate/Foundation/Application->make('tymon.jwt.provi...')
#16 C:/xampp/htdocs/Nueva_carpeta/API/vendor/tymon/jwt-auth/src/Providers/AbstractServiceProvider.php(208): Illuminate/Container/Container->offsetGet('tymon.jwt.provi...')
#17 C:/xampp/htdocs/Nueva_carpeta/API/vendor/laravel/framework/src/Illuminate/Container/Container.php(1115): Tymon/JWTAuth/Providers/AbstractServiceProvider->Tymon/JWTAuth/Providers/{closure}(Object(Illuminate/Foundation/Application), Array)
#18 C:/xampp/htdocs/Nueva_carpeta/API/vendor/laravel/framework/src/Illuminate/Container/Container.php(933): Illuminate/Container/Container->build(Object(Closure))
#19 C:/xampp/htdocs/Nueva_carpeta/API/vendor/laravel/framework/src/Illuminate/Foundation/Application.php(1078): Illuminate/Container/Container->resolve('tymon.jwt.manag...', Array, true)
#20 C:/xampp/htdocs/Nueva_carpeta/API/vendor/laravel/framework/src/Illuminate/Container/Container.php(864): Illuminate/Foundation/Application->resolve('tymon.jwt.manag...', Array)
#21 C:/xampp/htdocs/Nueva_carpeta/API/vendor/laravel/framework/src/Illuminate/Foundation/Application.php(1058): Illuminate/Container/Container->make('tymon.jwt.manag...', Array)
#22 C:/xampp/htdocs/Nueva_carpeta/API/vendor/laravel/framework/src/Illuminate/Container/Container.php(1805): Illuminate/Foundation/Application->make('tymon.jwt.manag...')
#23 C:/xampp/htdocs/Nueva_carpeta/API/vendor/tymon/jwt-auth/src/Providers/AbstractServiceProvider.php(250): Illuminate/Container/Container->offsetGet('tymon.jwt.manag...')
#24 C:/xampp/htdocs/Nueva_carpeta/API/vendor/laravel/framework/src/Illuminate/Container/Container.php(1115): Tymon/JWTAuth/Providers/AbstractServiceProvider->Tymon/JWTAuth/Providers/{closure}(Object(Illuminate/Foundation/Application), Array)
#25 C:/xampp/htdocs/Nueva_carpeta/API/vendor/laravel/framework/src/Illuminate/Container/Container.php(933): Illuminate/Container/Container->build(Object(Closure))
#26 C:/xampp/htdocs/Nueva_carpeta/API/vendor/laravel/framework/src/Illuminate/Foundation/Application.php(1078): Illuminate/Container/Container->resolve('tymon.jwt', Array, true)
#27 C:/xampp/htdocs/Nueva_carpeta/API/vendor/laravel/framework/src/Illuminate/Container/Container.php(864): Illuminate/Foundation/Application->resolve('tymon.jwt', Array)
#28 C:/xampp/htdocs/Nueva_carpeta/API/vendor/laravel/framework/src/Illuminate/Foundation/Application.php(1058): Illuminate/Container/Container->make('tymon.jwt', Array)
#29 C:/xampp/htdocs/Nueva_carpeta/API/vendor/laravel/framework/src/Illuminate/Container/Container.php(1805): Illuminate/Foundation/Application->make('tymon.jwt')
#30 C:/xampp/htdocs/Nueva_carpeta/API/vendor/tymon/jwt-auth/src/Providers/AbstractServiceProvider.php(96): Illuminate/Container/Container->offsetGet('tymon.jwt')
#31 C:/xampp/htdocs/Nueva_carpeta/API/vendor/laravel/framework/src/Illuminate/Auth/AuthManager.php(112): Tymon/JWTAuth/Providers/AbstractServiceProvider->Tymon/JWTAuth/Providers/{closure}(Object(Illuminate/Foundation/Application), 'api', Array)
#32 C:/xampp/htdocs/Nueva_carpeta/API/vendor/laravel/framework/src/Illuminate/Auth/AuthManager.php(89): Illuminate/Auth/AuthManager->callCustomCreator('api', Array)
#33 C:/xampp/htdocs/Nueva_carpeta/API/vendor/laravel/framework/src/Illuminate/Auth/AuthManager.php(69): Illuminate/Auth/AuthManager->resolve('api')
#34 C:/xampp/htdocs/Nueva_carpeta/API/vendor/laravel/framework/src/Illuminate/Auth/AuthManager.php(56): Illuminate/Auth/AuthManager->guard('api')
#35 [internal function]: Illuminate/Auth/AuthManager->Illuminate/Auth/{closure}(NULL)
#36 C:/xampp/htdocs/Nueva_carpeta/API/vendor/laravel/framework/src/Illuminate/Auth/AuthServiceProvider.php(89): call_user_func(Object(Closure), NULL)
#37 [internal function]: Illuminate/Auth/AuthServiceProvider->Illuminate/Auth/{closure}(NULL)
#38 C:/xampp/htdocs/Nueva_carpeta/API/vendor/laravel/framework/src/Illuminate/Http/Request.php(655): call_user_func(Object(Closure), NULL)
#39 C:/xampp/htdocs/Nueva_carpeta/API/app/Providers/AppServiceProvider.php(35): Illuminate/Http/Request->user()
#40 C:/xampp/htdocs/Nueva_carpeta/API/vendor/laravel/framework/src/Illuminate/Cache/RateLimiter.php(74): App/Providers/AppServiceProvider->App/Providers/{closure}(Object(Illuminate/Http/Request))
#41 C:/xampp/htdocs/Nueva_carpeta/API/vendor/laravel/framework/src/Illuminate/Routing/Middleware/ThrottleRequests.php(121): Illuminate/Cache/RateLimiter->Illuminate/Cache/{closure}(Object(Illuminate/Http/Request))
#42 C:/xampp/htdocs/Nueva_carpeta/API/vendor/laravel/framework/src/Illuminate/Routing/Middleware/ThrottleRequests.php(90): Illuminate/Routing/Middleware/ThrottleRequests->handleRequestUsingNamedLimiter(Object(Illuminate/Http/Request), Object(Closure), 'api_usuario', Object(Closure))
#43 C:/xampp/htdocs/Nueva_carpeta/API/vendor/laravel/framework/src/Illuminate/Pipeline/Pipeline.php(219): Illuminate/Routing/Middleware/ThrottleRequests->handle(Object(Illuminate/Http/Request), Object(Closure), 'api_usuario')
#44 C:/xampp/htdocs/Nueva_carpeta/API/vendor/laravel/framework/src/Illuminate/Pipeline/Pipeline.php(137): Illuminate/Pipeline/Pipeline->Illuminate/Pipeline/{closure}(Object(Illuminate/Http/Request))
#45 C:/xampp/htdocs/Nueva_carpeta/API/vendor/laravel/framework/src/Illuminate/Routing/Router.php(821): Illuminate/Pipeline/Pipeline->then(Object(Closure))
#46 C:/xampp/htdocs/Nueva_carpeta/API/vendor/laravel/framework/src/Illuminate/Routing/Router.php(800): Illuminate/Routing/Router->runRouteWithinStack(Object(Illuminate/Routing/Route), Object(Illuminate/Http/Request))
#47 C:/xampp/htdocs/Nueva_carpeta/API/vendor/laravel/framework/src/Illuminate/Routing/Router.php(764): Illuminate/Routing/Router->runRoute(Object(Illuminate/Http/Request), Object(Illuminate/Routing/Route))
#48 C:/xampp/htdocs/Nueva_carpeta/API/vendor/laravel/framework/src/Illuminate/Routing/Router.php(753): Illuminate/Routing/Router->dispatchToRoute(Object(Illuminate/Http/Request))
#49 C:/xampp/htdocs/Nueva_carpeta/API/vendor/laravel/framework/src/Illuminate/Foundation/Http/Kernel.php(200): Illuminate/Routing/Router->dispatch(Object(Illuminate/Http/Request))
#50 C:/xampp/htdocs/Nueva_carpeta/API/vendor/laravel/framework/src/Illuminate/Pipeline/Pipeline.php(180): Illuminate/Foundation/Http/Kernel->Illuminate/Foundation/Http/{closure}(Object(Illuminate/Http/Request))
#51 C:/xampp/htdocs/Nueva_carpeta/API/vendor/laravel/framework/src/Illuminate/Foundation/Http/Middleware/TransformsRequest.php(21): Illuminate/Pipeline/Pipeline->Illuminate/Pipeline/{closure}(Object(Illuminate/Http/Request))
#52 C:/xampp/htdocs/Nueva_carpeta/API/vendor/laravel/framework/src/Illuminate/Foundation/Http/Middleware/ConvertEmptyStringsToNull.php(31): Illuminate/Foundation/Http/Middleware/TransformsRequest->handle(Object(Illuminate/Http/Request), Object(Closure))
#53 C:/xampp/htdocs/Nueva_carpeta/API/vendor/laravel/framework/src/Illuminate/Pipeline/Pipeline.php(219): Illuminate/Foundation/Http/Middleware/ConvertEmptyStringsToNull->handle(Object(Illuminate/Http/Request), Object(Closure))
#54 C:/xampp/htdocs/Nueva_carpeta/API/vendor/laravel/framework/src/Illuminate/Foundation/Http/Middleware/TransformsRequest.php(21): Illuminate/Pipeline/Pipeline->Illuminate/Pipeline/{closure}(Object(Illuminate/Http/Request))
#55 C:/xampp/htdocs/Nueva_carpeta/API/vendor/laravel/framework/src/Illuminate/Foundation/Http/Middleware/TrimStrings.php(51): Illuminate/Foundation/Http/Middleware/TransformsRequest->handle(Object(Illuminate/Http/Request), Object(Closure))
#56 C:/xampp/htdocs/Nueva_carpeta/API/vendor/laravel/framework/src/Illuminate/Pipeline/Pipeline.php(219): Illuminate/Foundation/Http/Middleware/TrimStrings->handle(Object(Illuminate/Http/Request), Object(Closure))
#57 C:/xampp/htdocs/Nueva_carpeta/API/vendor/laravel/framework/src/Illuminate/Http/Middleware/ValidatePostSize.php(27): Illuminate/Pipeline/Pipeline->Illuminate/Pipeline/{closure}(Object(Illuminate/Http/Request))
#58 C:/xampp/htdocs/Nueva_carpeta/API/vendor/laravel/framework/src/Illuminate/Pipeline/Pipeline.php(219): Illuminate/Http/Middleware/ValidatePostSize->handle(Object(Illuminate/Http/Request), Object(Closure))
#59 C:/xampp/htdocs/Nueva_carpeta/API/vendor/laravel/framework/src/Illuminate/Foundation/Http/Middleware/PreventRequestsDuringMaintenance.php(109): Illuminate/Pipeline/Pipeline->Illuminate/Pipeline/{closure}(Object(Illuminate/Http/Request))
#60 C:/xampp/htdocs/Nueva_carpeta/API/vendor/laravel/framework/src/Illuminate/Pipeline/Pipeline.php(219): Illuminate/Foundation/Http/Middleware/PreventRequestsDuringMaintenance->handle(Object(Illuminate/Http/Request), Object(Closure))
#61 C:/xampp/htdocs/Nueva_carpeta/API/vendor/laravel/framework/src/Illuminate/Http/Middleware/HandleCors.php(74): Illuminate/Pipeline/Pipeline->Illuminate/Pipeline/{closure}(Object(Illuminate/Http/Request))
#62 C:/xampp/htdocs/Nueva_carpeta/API/vendor/laravel/framework/src/Illuminate/Pipeline/Pipeline.php(219): Illuminate/Http/Middleware/HandleCors->handle(Object(Illuminate/Http/Request), Object(Closure))
#63 C:/xampp/htdocs/Nueva_carpeta/API/vendor/laravel/framework/src/Illuminate/Http/Middleware/TrustProxies.php(58): Illuminate/Pipeline/Pipeline->Illuminate/Pipeline/{closure}(Object(Illuminate/Http/Request))
#64 C:/xampp/htdocs/Nueva_carpeta/API/vendor/laravel/framework/src/Illuminate/Pipeline/Pipeline.php(219): Illuminate/Http/Middleware/TrustProxies->handle(Object(Illuminate/Http/Request), Object(Closure))
#65 C:/xampp/htdocs/Nueva_carpeta/API/vendor/laravel/framework/src/Illuminate/Foundation/Http/Middleware/InvokeDeferredCallbacks.php(22): Illuminate/Pipeline/Pipeline->Illuminate/Pipeline/{closure}(Object(Illuminate/Http/Request))
#66 C:/xampp/htdocs/Nueva_carpeta/API/vendor/laravel/framework/src/Illuminate/Pipeline/Pipeline.php(219): Illuminate/Foundation/Http/Middleware/InvokeDeferredCallbacks->handle(Object(Illuminate/Http/Request), Object(Closure))
#67 C:/xampp/htdocs/Nueva_carpeta/API/vendor/laravel/framework/src/Illuminate/Http/Middleware/ValidatePathEncoding.php(26): Illuminate/Pipeline/Pipeline->Illuminate/Pipeline/{closure}(Object(Illuminate/Http/Request))
#68 C:/xampp/htdocs/Nueva_carpeta/API/vendor/laravel/framework/src/Illuminate/Pipeline/Pipeline.php(219): Illuminate/Http/Middleware/ValidatePathEncoding->handle(Object(Illuminate/Http/Request), Object(Closure))
#69 C:/xampp/htdocs/Nueva_carpeta/API/vendor/laravel/framework/src/Illuminate/Pipeline/Pipeline.php(137): Illuminate/Pipeline/Pipeline->Illuminate/Pipeline/{closure}(Object(Illuminate/Http/Request))
#70 C:/xampp/htdocs/Nueva_carpeta/API/vendor/laravel/framework/src/Illuminate/Foundation/Http/Kernel.php(175): Illuminate/Pipeline/Pipeline->then(Object(Closure))
#71 C:/xampp/htdocs/Nueva_carpeta/API/vendor/laravel/framework/src/Illuminate/Foundation/Http/Kernel.php(144): Illuminate/Foundation/Http/Kernel->sendRequestThroughRouter(Object(Illuminate/Http/Request))
#72 C:/xampp/htdocs/Nueva_carpeta/API/vendor/laravel/framework/src/Illuminate/Foundation/Application.php(1220): Illuminate/Foundation/Http/Kernel->handle(Object(Illuminate/Http/Request))
#73 C:/xampp/htdocs/Nueva_carpeta/API/public/index.php(20): Illuminate/Foundation/Application->handleRequest(Object(Illuminate/Http/Request))
#74 C:/xampp/htdocs/Nueva_carpeta/API/vendor/laravel/framework/src/Illuminate/Foundation/resources/server.php(23): require_once('C://xampp//htdocs...')
#75 {main}
"} 
[2026-03-03 23:19:14] local.ERROR: Database file at path [C:\xampp\htdocs\Nueva_carpeta\API\database\database.sqlite] does not exist. Ensure this is an absolute path to the database. (Connection: sqlite, Database: C:\xampp\htdocs\Nueva_carpeta\API\database\database.sqlite, SQL: select * from "sessions" where "id" = 8C2JHfkWKi55tf9YL4N1IvMop0IDYrtGTqsR6xeN limit 1) {"exception":"[object] (Illuminate\\Database\\QueryException(code: 0): Database file at path [C:\\xampp\\htdocs\\Nueva_carpeta\\API\\database\\database.sqlite] does not exist. Ensure this is an absolute path to the database. (Connection: sqlite, Database: C:\\xampp\\htdocs\\Nueva_carpeta\\API\\database\\database.sqlite, SQL: select * from \"sessions\" where \"id\" = 8C2JHfkWKi55tf9YL4N1IvMop0IDYrtGTqsR6xeN limit 1) at C:/xampp/htdocs/Nueva_carpeta/API/vendor/laravel/framework/src/Illuminate/Database/Connection.php:838)
[stacktrace]
#0 C:/xampp/htdocs/Nueva_carpeta/API/vendor/laravel/framework/src/Illuminate/Database/Connection.php(794): Illuminate/Database/Connection->runQueryCallback('select * from \"...', Array, Object(Closure))
#1 C:/xampp/htdocs/Nueva_carpeta/API/vendor/laravel/framework/src/Illuminate/Database/Connection.php(411): Illuminate/Database/Connection->run('select * from \"...', Array, Object(Closure))
#2 C:/xampp/htdocs/Nueva_carpeta/API/vendor/laravel/framework/src/Illuminate/Database/Query/Builder.php(3389): Illuminate/Database/Connection->select('select * from \"...', Array, false)
#3 C:/xampp/htdocs/Nueva_carpeta/API/vendor/laravel/framework/src/Illuminate/Database/Query/Builder.php(3374): Illuminate/Database/Query/Builder->runSelect()
#4 C:/xampp/htdocs/Nueva_carpeta/API/vendor/laravel/framework/src/Illuminate/Database/Query/Builder.php(3964): Illuminate/Database/Query/Builder->Illuminate/Database/Query/{closure}()
#5 C:/xampp/htdocs/Nueva_carpeta/API/vendor/laravel/framework/src/Illuminate/Database/Query/Builder.php(3373): Illuminate/Database/Query/Builder->onceWithColumns(Array, Object(Closure))
#6 C:/xampp/htdocs/Nueva_carpeta/API/vendor/laravel/framework/src/Illuminate/Database/Concerns/BuildsQueries.php(366): Illuminate/Database/Query/Builder->get(Array)
#7 C:/xampp/htdocs/Nueva_carpeta/API/vendor/laravel/framework/src/Illuminate/Database/Query/Builder.php(3296): Illuminate/Database/Query/Builder->first(Array)
#8 C:/xampp/htdocs/Nueva_carpeta/API/vendor/laravel/framework/src/Illuminate/Session/DatabaseSessionHandler.php(96): Illuminate/Database/Query/Builder->find('8C2JHfkWKi55tf9...')
#9 C:/xampp/htdocs/Nueva_carpeta/API/vendor/laravel/framework/src/Illuminate/Session/Store.php(128): Illuminate/Session/DatabaseSessionHandler->read('8C2JHfkWKi55tf9...')
#10 C:/xampp/htdocs/Nueva_carpeta/API/vendor/laravel/framework/src/Illuminate/Session/Store.php(116): Illuminate/Session/Store->readFromHandler()
#11 C:/xampp/htdocs/Nueva_carpeta/API/vendor/laravel/framework/src/Illuminate/Session/Store.php(100): Illuminate/Session/Store->loadSession()
#12 C:/xampp/htdocs/Nueva_carpeta/API/vendor/laravel/framework/src/Illuminate/Session/Middleware/StartSession.php(146): Illuminate/Session/Store->start()
#13 C:/xampp/htdocs/Nueva_carpeta/API/vendor/laravel/framework/src/Illuminate/Support/helpers.php(388): Illuminate/Session/Middleware/StartSession->Illuminate/Session/Middleware/{closure}(Object(Illuminate/Session/Store))
#14 C:/xampp/htdocs/Nueva_carpeta/API/vendor/laravel/framework/src/Illuminate/Session/Middleware/StartSession.php(143): tap(Object(Illuminate/Session/Store), Object(Closure))
#15 C:/xampp/htdocs/Nueva_carpeta/API/vendor/laravel/framework/src/Illuminate/Session/Middleware/StartSession.php(115): Illuminate/Session/Middleware/StartSession->startSession(Object(Illuminate/Http/Request), Object(Illuminate/Session/Store))
#16 C:/xampp/htdocs/Nueva_carpeta/API/vendor/laravel/framework/src/Illuminate/Session/Middleware/StartSession.php(63): Illuminate/Session/Middleware/StartSession->handleStatefulRequest(Object(Illuminate/Http/Request), Object(Illuminate/Session/Store), Object(Closure))
#17 C:/xampp/htdocs/Nueva_carpeta/API/vendor/laravel/framework/src/Illuminate/Pipeline/Pipeline.php(219): Illuminate/Session/Middleware/StartSession->handle(Object(Illuminate/Http/Request), Object(Closure))
#18 C:/xampp/htdocs/Nueva_carpeta/API/vendor/laravel/framework/src/Illuminate/Cookie/Middleware/AddQueuedCookiesToResponse.php(36): Illuminate/Pipeline/Pipeline->Illuminate/Pipeline/{closure}(Object(Illuminate/Http/Request))
#19 C:/xampp/htdocs/Nueva_carpeta/API/vendor/laravel/framework/src/Illuminate/Pipeline/Pipeline.php(219): Illuminate/Cookie/Middleware/AddQueuedCookiesToResponse->handle(Object(Illuminate/Http/Request), Object(Closure))
#20 C:/xampp/htdocs/Nueva_carpeta/API/vendor/laravel/framework/src/Illuminate/Cookie/Middleware/EncryptCookies.php(74): Illuminate/Pipeline/Pipeline->Illuminate/Pipeline/{closure}(Object(Illuminate/Http/Request))
#21 C:/xampp/htdocs/Nueva_carpeta/API/vendor/laravel/framework/src/Illuminate/Pipeline/Pipeline.php(219): Illuminate/Cookie/Middleware/EncryptCookies->handle(Object(Illuminate/Http/Request), Object(Closure))
#22 C:/xampp/htdocs/Nueva_carpeta/API/vendor/laravel/framework/src/Illuminate/Pipeline/Pipeline.php(137): Illuminate/Pipeline/Pipeline->Illuminate/Pipeline/{closure}(Object(Illuminate/Http/Request))
#23 C:/xampp/htdocs/Nueva_carpeta/API/vendor/laravel/framework/src/Illuminate/Routing/Router.php(821): Illuminate/Pipeline/Pipeline->then(Object(Closure))
#24 C:/xampp/htdocs/Nueva_carpeta/API/vendor/laravel/framework/src/Illuminate/Routing/Router.php(800): Illuminate/Routing/Router->runRouteWithinStack(Object(Illuminate/Routing/Route), Object(Illuminate/Http/Request))
#25 C:/xampp/htdocs/Nueva_carpeta/API/vendor/laravel/framework/src/Illuminate/Routing/Router.php(764): Illuminate/Routing/Router->runRoute(Object(Illuminate/Http/Request), Object(Illuminate/Routing/Route))
#26 C:/xampp/htdocs/Nueva_carpeta/API/vendor/laravel/framework/src/Illuminate/Routing/Router.php(753): Illuminate/Routing/Router->dispatchToRoute(Object(Illuminate/Http/Request))
#27 C:/xampp/htdocs/Nueva_carpeta/API/vendor/laravel/framework/src/Illuminate/Foundation/Http/Kernel.php(200): Illuminate/Routing/Router->dispatch(Object(Illuminate/Http/Request))
#28 C:/xampp/htdocs/Nueva_carpeta/API/vendor/laravel/framework/src/Illuminate/Pipeline/Pipeline.php(180): Illuminate/Foundation/Http/Kernel->Illuminate/Foundation/Http/{closure}(Object(Illuminate/Http/Request))
#29 C:/xampp/htdocs/Nueva_carpeta/API/vendor/laravel/framework/src/Illuminate/Foundation/Http/Middleware/TransformsRequest.php(21): Illuminate/Pipeline/Pipeline->Illuminate/Pipeline/{closure}(Object(Illuminate/Http/Request))
#30 C:/xampp/htdocs/Nueva_carpeta/API/vendor/laravel/framework/src/Illuminate/Foundation/Http/Middleware/ConvertEmptyStringsToNull.php(31): Illuminate/Foundation/Http/Middleware/TransformsRequest->handle(Object(Illuminate/Http/Request), Object(Closure))
#31 C:/xampp/htdocs/Nueva_carpeta/API/vendor/laravel/framework/src/Illuminate/Pipeline/Pipeline.php(219): Illuminate/Foundation/Http/Middleware/ConvertEmptyStringsToNull->handle(Object(Illuminate/Http/Request), Object(Closure))
#32 C:/xampp/htdocs/Nueva_carpeta/API/vendor/laravel/framework/src/Illuminate/Foundation/Http/Middleware/TransformsRequest.php(21): Illuminate/Pipeline/Pipeline->Illuminate/Pipeline/{closure}(Object(Illuminate/Http/Request))
#33 C:/xampp/htdocs/Nueva_carpeta/API/vendor/laravel/framework/src/Illuminate/Foundation/Http/Middleware/TrimStrings.php(51): Illuminate/Foundation/Http/Middleware/TransformsRequest->handle(Object(Illuminate/Http/Request), Object(Closure))
#34 C:/xampp/htdocs/Nueva_carpeta/API/vendor/laravel/framework/src/Illuminate/Pipeline/Pipeline.php(219): Illuminate/Foundation/Http/Middleware/TrimStrings->handle(Object(Illuminate/Http/Request), Object(Closure))
#35 C:/xampp/htdocs/Nueva_carpeta/API/vendor/laravel/framework/src/Illuminate/Http/Middleware/ValidatePostSize.php(27): Illuminate/Pipeline/Pipeline->Illuminate/Pipeline/{closure}(Object(Illuminate/Http/Request))
#36 C:/xampp/htdocs/Nueva_carpeta/API/vendor/laravel/framework/src/Illuminate/Pipeline/Pipeline.php(219): Illuminate/Http/Middleware/ValidatePostSize->handle(Object(Illuminate/Http/Request), Object(Closure))
#37 C:/xampp/htdocs/Nueva_carpeta/API/vendor/laravel/framework/src/Illuminate/Foundation/Http/Middleware/PreventRequestsDuringMaintenance.php(109): Illuminate/Pipeline/Pipeline->Illuminate/Pipeline/{closure}(Object(Illuminate/Http/Request))
#38 C:/xampp/htdocs/Nueva_carpeta/API/vendor/laravel/framework/src/Illuminate/Pipeline/Pipeline.php(219): Illuminate/Foundation/Http/Middleware/PreventRequestsDuringMaintenance->handle(Object(Illuminate/Http/Request), Object(Closure))
#39 C:/xampp/htdocs/Nueva_carpeta/API/vendor/laravel/framework/src/Illuminate/Http/Middleware/HandleCors.php(61): Illuminate/Pipeline/Pipeline->Illuminate/Pipeline/{closure}(Object(Illuminate/Http/Request))
#40 C:/xampp/htdocs/Nueva_carpeta/API/vendor/laravel/framework/src/Illuminate/Pipeline/Pipeline.php(219): Illuminate/Http/Middleware/HandleCors->handle(Object(Illuminate/Http/Request), Object(Closure))
#41 C:/xampp/htdocs/Nueva_carpeta/API/vendor/laravel/framework/src/Illuminate/Http/Middleware/TrustProxies.php(58): Illuminate/Pipeline/Pipeline->Illuminate/Pipeline/{closure}(Object(Illuminate/Http/Request))
#42 C:/xampp/htdocs/Nueva_carpeta/API/vendor/laravel/framework/src/Illuminate/Pipeline/Pipeline.php(219): Illuminate/Http/Middleware/TrustProxies->handle(Object(Illuminate/Http/Request), Object(Closure))
#43 C:/xampp/htdocs/Nueva_carpeta/API/vendor/laravel/framework/src/Illuminate/Foundation/Http/Middleware/InvokeDeferredCallbacks.php(22): Illuminate/Pipeline/Pipeline->Illuminate/Pipeline/{closure}(Object(Illuminate/Http/Request))
#44 C:/xampp/htdocs/Nueva_carpeta/API/vendor/laravel/framework/src/Illuminate/Pipeline/Pipeline.php(219): Illuminate/Foundation/Http/Middleware/InvokeDeferredCallbacks->handle(Object(Illuminate/Http/Request), Object(Closure))
#45 C:/xampp/htdocs/Nueva_carpeta/API/vendor/laravel/framework/src/Illuminate/Http/Middleware/ValidatePathEncoding.php(26): Illuminate/Pipeline/Pipeline->Illuminate/Pipeline/{closure}(Object(Illuminate/Http/Request))
#46 C:/xampp/htdocs/Nueva_carpeta/API/vendor/laravel/framework/src/Illuminate/Pipeline/Pipeline.php(219): Illuminate/Http/Middleware/ValidatePathEncoding->handle(Object(Illuminate/Http/Request), Object(Closure))
#47 C:/xampp/htdocs/Nueva_carpeta/API/vendor/laravel/framework/src/Illuminate/Pipeline/Pipeline.php(137): Illuminate/Pipeline/Pipeline->Illuminate/Pipeline/{closure}(Object(Illuminate/Http/Request))
#48 C:/xampp/htdocs/Nueva_carpeta/API/vendor/laravel/framework/src/Illuminate/Foundation/Http/Kernel.php(175): Illuminate/Pipeline/Pipeline->then(Object(Closure))
#49 C:/xampp/htdocs/Nueva_carpeta/API/vendor/laravel/framework/src/Illuminate/Foundation/Http/Kernel.php(144): Illuminate/Foundation/Http/Kernel->sendRequestThroughRouter(Object(Illuminate/Http/Request))
#50 C:/xampp/htdocs/Nueva_carpeta/API/vendor/laravel/framework/src/Illuminate/Foundation/Application.php(1220): Illuminate/Foundation/Http/Kernel->handle(Object(Illuminate/Http/Request))
#51 C:/xampp/htdocs/Nueva_carpeta/API/public/index.php(20): Illuminate/Foundation/Application->handleRequest(Object(Illuminate/Http/Request))
#52 C:/xampp/htdocs/Nueva_carpeta/API/vendor/laravel/framework/src/Illuminate/Foundation/resources/server.php(23): require_once('C://xampp//htdocs...')
#53 {main}

[previous exception] [object] (Illuminate\\Database\\SQLiteDatabaseDoesNotExistException(code: 0): Database file at path [C:\\xampp\\htdocs\\Nueva_carpeta\\API\\database\\database.sqlite] does not exist. Ensure this is an absolute path to the database. at C:/xampp/htdocs/Nueva_carpeta/API/vendor/laravel/framework/src/Illuminate/Database/Connectors/SQLiteConnector.php:60)
[stacktrace]
#0 C:/xampp/htdocs/Nueva_carpeta/API/vendor/laravel/framework/src/Illuminate/Database/Connectors/SQLiteConnector.php(19): Illuminate/Database/Connectors/SQLiteConnector->parseDatabasePath(false)
#1 C:/xampp/htdocs/Nueva_carpeta/API/vendor/laravel/framework/src/Illuminate/Database/Connectors/ConnectionFactory.php(225): Illuminate/Database/Connectors/SQLiteConnector->connect(Array)
#2 [internal function]: Illuminate/Database/Connectors/ConnectionFactory->Illuminate/Database/Connectors/{closure}()
#3 C:/xampp/htdocs/Nueva_carpeta/API/vendor/laravel/framework/src/Illuminate/Database/Connection.php(1257): call_user_func(Object(Closure))
#4 C:/xampp/htdocs/Nueva_carpeta/API/vendor/laravel/framework/src/Illuminate/Database/Connection.php(525): Illuminate/Database/Connection->getPdo()
#5 C:/xampp/htdocs/Nueva_carpeta/API/vendor/laravel/framework/src/Illuminate/Database/Connection.php(420): Illuminate/Database/Connection->getPdoForSelect(false)
#6 C:/xampp/htdocs/Nueva_carpeta/API/vendor/laravel/framework/src/Illuminate/Database/Connection.php(827): Illuminate/Database/Connection->Illuminate/Database/{closure}('select * from \"...', Array)
#7 C:/xampp/htdocs/Nueva_carpeta/API/vendor/laravel/framework/src/Illuminate/Database/Connection.php(794): Illuminate/Database/Connection->runQueryCallback('select * from \"...', Array, Object(Closure))
#8 C:/xampp/htdocs/Nueva_carpeta/API/vendor/laravel/framework/src/Illuminate/Database/Connection.php(411): Illuminate/Database/Connection->run('select * from \"...', Array, Object(Closure))
#9 C:/xampp/htdocs/Nueva_carpeta/API/vendor/laravel/framework/src/Illuminate/Database/Query/Builder.php(3389): Illuminate/Database/Connection->select('select * from \"...', Array, false)
#10 C:/xampp/htdocs/Nueva_carpeta/API/vendor/laravel/framework/src/Illuminate/Database/Query/Builder.php(3374): Illuminate/Database/Query/Builder->runSelect()
#11 C:/xampp/htdocs/Nueva_carpeta/API/vendor/laravel/framework/src/Illuminate/Database/Query/Builder.php(3964): Illuminate/Database/Query/Builder->Illuminate/Database/Query/{closure}()
#12 C:/xampp/htdocs/Nueva_carpeta/API/vendor/laravel/framework/src/Illuminate/Database/Query/Builder.php(3373): Illuminate/Database/Query/Builder->onceWithColumns(Array, Object(Closure))
#13 C:/xampp/htdocs/Nueva_carpeta/API/vendor/laravel/framework/src/Illuminate/Database/Concerns/BuildsQueries.php(366): Illuminate/Database/Query/Builder->get(Array)
#14 C:/xampp/htdocs/Nueva_carpeta/API/vendor/laravel/framework/src/Illuminate/Database/Query/Builder.php(3296): Illuminate/Database/Query/Builder->first(Array)
#15 C:/xampp/htdocs/Nueva_carpeta/API/vendor/laravel/framework/src/Illuminate/Session/DatabaseSessionHandler.php(96): Illuminate/Database/Query/Builder->find('8C2JHfkWKi55tf9...')
#16 C:/xampp/htdocs/Nueva_carpeta/API/vendor/laravel/framework/src/Illuminate/Session/Store.php(128): Illuminate/Session/DatabaseSessionHandler->read('8C2JHfkWKi55tf9...')
#17 C:/xampp/htdocs/Nueva_carpeta/API/vendor/laravel/framework/src/Illuminate/Session/Store.php(116): Illuminate/Session/Store->readFromHandler()
#18 C:/xampp/htdocs/Nueva_carpeta/API/vendor/laravel/framework/src/Illuminate/Session/Store.php(100): Illuminate/Session/Store->loadSession()
#19 C:/xampp/htdocs/Nueva_carpeta/API/vendor/laravel/framework/src/Illuminate/Session/Middleware/StartSession.php(146): Illuminate/Session/Store->start()
#20 C:/xampp/htdocs/Nueva_carpeta/API/vendor/laravel/framework/src/Illuminate/Support/helpers.php(388): Illuminate/Session/Middleware/StartSession->Illuminate/Session/Middleware/{closure}(Object(Illuminate/Session/Store))
#21 C:/xampp/htdocs/Nueva_carpeta/API/vendor/laravel/framework/src/Illuminate/Session/Middleware/StartSession.php(143): tap(Object(Illuminate/Session/Store), Object(Closure))
#22 C:/xampp/htdocs/Nueva_carpeta/API/vendor/laravel/framework/src/Illuminate/Session/Middleware/StartSession.php(115): Illuminate/Session/Middleware/StartSession->startSession(Object(Illuminate/Http/Request), Object(Illuminate/Session/Store))
#23 C:/xampp/htdocs/Nueva_carpeta/API/vendor/laravel/framework/src/Illuminate/Session/Middleware/StartSession.php(63): Illuminate/Session/Middleware/StartSession->handleStatefulRequest(Object(Illuminate/Http/Request), Object(Illuminate/Session/Store), Object(Closure))
#24 C:/xampp/htdocs/Nueva_carpeta/API/vendor/laravel/framework/src/Illuminate/Pipeline/Pipeline.php(219): Illuminate/Session/Middleware/StartSession->handle(Object(Illuminate/Http/Request), Object(Closure))
#25 C:/xampp/htdocs/Nueva_carpeta/API/vendor/laravel/framework/src/Illuminate/Cookie/Middleware/AddQueuedCookiesToResponse.php(36): Illuminate/Pipeline/Pipeline->Illuminate/Pipeline/{closure}(Object(Illuminate/Http/Request))
#26 C:/xampp/htdocs/Nueva_carpeta/API/vendor/laravel/framework/src/Illuminate/Pipeline/Pipeline.php(219): Illuminate/Cookie/Middleware/AddQueuedCookiesToResponse->handle(Object(Illuminate/Http/Request), Object(Closure))
#27 C:/xampp/htdocs/Nueva_carpeta/API/vendor/laravel/framework/src/Illuminate/Cookie/Middleware/EncryptCookies.php(74): Illuminate/Pipeline/Pipeline->Illuminate/Pipeline/{closure}(Object(Illuminate/Http/Request))
#28 C:/xampp/htdocs/Nueva_carpeta/API/vendor/laravel/framework/src/Illuminate/Pipeline/Pipeline.php(219): Illuminate/Cookie/Middleware/EncryptCookies->handle(Object(Illuminate/Http/Request), Object(Closure))
#29 C:/xampp/htdocs/Nueva_carpeta/API/vendor/laravel/framework/src/Illuminate/Pipeline/Pipeline.php(137): Illuminate/Pipeline/Pipeline->Illuminate/Pipeline/{closure}(Object(Illuminate/Http/Request))
#30 C:/xampp/htdocs/Nueva_carpeta/API/vendor/laravel/framework/src/Illuminate/Routing/Router.php(821): Illuminate/Pipeline/Pipeline->then(Object(Closure))
#31 C:/xampp/htdocs/Nueva_carpeta/API/vendor/laravel/framework/src/Illuminate/Routing/Router.php(800): Illuminate/Routing/Router->runRouteWithinStack(Object(Illuminate/Routing/Route), Object(Illuminate/Http/Request))
#32 C:/xampp/htdocs/Nueva_carpeta/API/vendor/laravel/framework/src/Illuminate/Routing/Router.php(764): Illuminate/Routing/Router->runRoute(Object(Illuminate/Http/Request), Object(Illuminate/Routing/Route))
#33 C:/xampp/htdocs/Nueva_carpeta/API/vendor/laravel/framework/src/Illuminate/Routing/Router.php(753): Illuminate/Routing/Router->dispatchToRoute(Object(Illuminate/Http/Request))
#34 C:/xampp/htdocs/Nueva_carpeta/API/vendor/laravel/framework/src/Illuminate/Foundation/Http/Kernel.php(200): Illuminate/Routing/Router->dispatch(Object(Illuminate/Http/Request))
#35 C:/xampp/htdocs/Nueva_carpeta/API/vendor/laravel/framework/src/Illuminate/Pipeline/Pipeline.php(180): Illuminate/Foundation/Http/Kernel->Illuminate/Foundation/Http/{closure}(Object(Illuminate/Http/Request))
#36 C:/xampp/htdocs/Nueva_carpeta/API/vendor/laravel/framework/src/Illuminate/Foundation/Http/Middleware/TransformsRequest.php(21): Illuminate/Pipeline/Pipeline->Illuminate/Pipeline/{closure}(Object(Illuminate/Http/Request))
#37 C:/xampp/htdocs/Nueva_carpeta/API/vendor/laravel/framework/src/Illuminate/Foundation/Http/Middleware/ConvertEmptyStringsToNull.php(31): Illuminate/Foundation/Http/Middleware/TransformsRequest->handle(Object(Illuminate/Http/Request), Object(Closure))
#38 C:/xampp/htdocs/Nueva_carpeta/API/vendor/laravel/framework/src/Illuminate/Pipeline/Pipeline.php(219): Illuminate/Foundation/Http/Middleware/ConvertEmptyStringsToNull->handle(Object(Illuminate/Http/Request), Object(Closure))
#39 C:/xampp/htdocs/Nueva_carpeta/API/vendor/laravel/framework/src/Illuminate/Foundation/Http/Middleware/TransformsRequest.php(21): Illuminate/Pipeline/Pipeline->Illuminate/Pipeline/{closure}(Object(Illuminate/Http/Request))
#40 C:/xampp/htdocs/Nueva_carpeta/API/vendor/laravel/framework/src/Illuminate/Foundation/Http/Middleware/TrimStrings.php(51): Illuminate/Foundation/Http/Middleware/TransformsRequest->handle(Object(Illuminate/Http/Request), Object(Closure))
#41 C:/xampp/htdocs/Nueva_carpeta/API/vendor/laravel/framework/src/Illuminate/Pipeline/Pipeline.php(219): Illuminate/Foundation/Http/Middleware/TrimStrings->handle(Object(Illuminate/Http/Request), Object(Closure))
#42 C:/xampp/htdocs/Nueva_carpeta/API/vendor/laravel/framework/src/Illuminate/Http/Middleware/ValidatePostSize.php(27): Illuminate/Pipeline/Pipeline->Illuminate/Pipeline/{closure}(Object(Illuminate/Http/Request))
#43 C:/xampp/htdocs/Nueva_carpeta/API/vendor/laravel/framework/src/Illuminate/Pipeline/Pipeline.php(219): Illuminate/Http/Middleware/ValidatePostSize->handle(Object(Illuminate/Http/Request), Object(Closure))
#44 C:/xampp/htdocs/Nueva_carpeta/API/vendor/laravel/framework/src/Illuminate/Foundation/Http/Middleware/PreventRequestsDuringMaintenance.php(109): Illuminate/Pipeline/Pipeline->Illuminate/Pipeline/{closure}(Object(Illuminate/Http/Request))
#45 C:/xampp/htdocs/Nueva_carpeta/API/vendor/laravel/framework/src/Illuminate/Pipeline/Pipeline.php(219): Illuminate/Foundation/Http/Middleware/PreventRequestsDuringMaintenance->handle(Object(Illuminate/Http/Request), Object(Closure))
#46 C:/xampp/htdocs/Nueva_carpeta/API/vendor/laravel/framework/src/Illuminate/Http/Middleware/HandleCors.php(61): Illuminate/Pipeline/Pipeline->Illuminate/Pipeline/{closure}(Object(Illuminate/Http/Request))
#47 C:/xampp/htdocs/Nueva_carpeta/API/vendor/laravel/framework/src/Illuminate/Pipeline/Pipeline.php(219): Illuminate/Http/Middleware/HandleCors->handle(Object(Illuminate/Http/Request), Object(Closure))
#48 C:/xampp/htdocs/Nueva_carpeta/API/vendor/laravel/framework/src/Illuminate/Http/Middleware/TrustProxies.php(58): Illuminate/Pipeline/Pipeline->Illuminate/Pipeline/{closure}(Object(Illuminate/Http/Request))
#49 C:/xampp/htdocs/Nueva_carpeta/API/vendor/laravel/framework/src/Illuminate/Pipeline/Pipeline.php(219): Illuminate/Http/Middleware/TrustProxies->handle(Object(Illuminate/Http/Request), Object(Closure))
#50 C:/xampp/htdocs/Nueva_carpeta/API/vendor/laravel/framework/src/Illuminate/Foundation/Http/Middleware/InvokeDeferredCallbacks.php(22): Illuminate/Pipeline/Pipeline->Illuminate/Pipeline/{closure}(Object(Illuminate/Http/Request))
#51 C:/xampp/htdocs/Nueva_carpeta/API/vendor/laravel/framework/src/Illuminate/Pipeline/Pipeline.php(219): Illuminate/Foundation/Http/Middleware/InvokeDeferredCallbacks->handle(Object(Illuminate/Http/Request), Object(Closure))
#52 C:/xampp/htdocs/Nueva_carpeta/API/vendor/laravel/framework/src/Illuminate/Http/Middleware/ValidatePathEncoding.php(26): Illuminate/Pipeline/Pipeline->Illuminate/Pipeline/{closure}(Object(Illuminate/Http/Request))
#53 C:/xampp/htdocs/Nueva_carpeta/API/vendor/laravel/framework/src/Illuminate/Pipeline/Pipeline.php(219): Illuminate/Http/Middleware/ValidatePathEncoding->handle(Object(Illuminate/Http/Request), Object(Closure))
#54 C:/xampp/htdocs/Nueva_carpeta/API/vendor/laravel/framework/src/Illuminate/Pipeline/Pipeline.php(137): Illuminate/Pipeline/Pipeline->Illuminate/Pipeline/{closure}(Object(Illuminate/Http/Request))
#55 C:/xampp/htdocs/Nueva_carpeta/API/vendor/laravel/framework/src/Illuminate/Foundation/Http/Kernel.php(175): Illuminate/Pipeline/Pipeline->then(Object(Closure))
#56 C:/xampp/htdocs/Nueva_carpeta/API/vendor/laravel/framework/src/Illuminate/Foundation/Http/Kernel.php(144): Illuminate/Foundation/Http/Kernel->sendRequestThroughRouter(Object(Illuminate/Http/Request))
#57 C:/xampp/htdocs/Nueva_carpeta/API/vendor/laravel/framework/src/Illuminate/Foundation/Application.php(1220): Illuminate/Foundation/Http/Kernel->handle(Object(Illuminate/Http/Request))
#58 C:/xampp/htdocs/Nueva_carpeta/API/public/index.php(20): Illuminate/Foundation/Application->handleRequest(Object(Illuminate/Http/Request))
#59 C:/xampp/htdocs/Nueva_carpeta/API/vendor/laravel/framework/src/Illuminate/Foundation/resources/server.php(23): require_once('C://xampp//htdocs...')
#60 {main}
"} 
[2026-03-03 23:21:04] local.ERROR: Secret is not set. {"exception":"[object] (Tymon\\JWTAuth\\Exceptions\\JWTException(code: 0): Secret is not set. at C:/xampp/htdocs/Nueva_carpeta/API/vendor/tymon/jwt-auth/src/Providers/JWT/Lcobucci.php:244)
[stacktrace]
#0 C:/xampp/htdocs/Nueva_carpeta/API/vendor/tymon/jwt-auth/src/Providers/JWT/Lcobucci.php(186): Tymon/JWTAuth/Providers/JWT/Lcobucci->getSigningKey()
#1 C:/xampp/htdocs/Nueva_carpeta/API/vendor/tymon/jwt-auth/src/Providers/JWT/Lcobucci.php(57): Tymon/JWTAuth/Providers/JWT/Lcobucci->buildConfig()
#2 C:/xampp/htdocs/Nueva_carpeta/API/vendor/tymon/jwt-auth/src/Providers/AbstractServiceProvider.php(167): Tymon/JWTAuth/Providers/JWT/Lcobucci->__construct(NULL, 'HS256', Array)
#3 C:/xampp/htdocs/Nueva_carpeta/API/vendor/laravel/framework/src/Illuminate/Container/Container.php(1115): Tymon/JWTAuth/Providers/AbstractServiceProvider->Tymon/JWTAuth/Providers/{closure}(Object(Illuminate/Foundation/Application), Array)
#4 C:/xampp/htdocs/Nueva_carpeta/API/vendor/laravel/framework/src/Illuminate/Container/Container.php(933): Illuminate/Container/Container->build(Object(Closure))
#5 C:/xampp/htdocs/Nueva_carpeta/API/vendor/laravel/framework/src/Illuminate/Foundation/Application.php(1078): Illuminate/Container/Container->resolve('tymon.jwt.provi...', Array, true)
#6 C:/xampp/htdocs/Nueva_carpeta/API/vendor/laravel/framework/src/Illuminate/Container/Container.php(864): Illuminate/Foundation/Application->resolve('tymon.jwt.provi...', Array)
#7 C:/xampp/htdocs/Nueva_carpeta/API/vendor/laravel/framework/src/Illuminate/Foundation/Application.php(1058): Illuminate/Container/Container->make('tymon.jwt.provi...', Array)
#8 C:/xampp/htdocs/Nueva_carpeta/API/vendor/tymon/jwt-auth/src/Providers/AbstractServiceProvider.php(367): Illuminate/Foundation/Application->make('tymon.jwt.provi...')
#9 C:/xampp/htdocs/Nueva_carpeta/API/vendor/tymon/jwt-auth/src/Providers/AbstractServiceProvider.php(138): Tymon/JWTAuth/Providers/AbstractServiceProvider->getConfigInstance('providers.jwt')
#10 C:/xampp/htdocs/Nueva_carpeta/API/vendor/laravel/framework/src/Illuminate/Container/Container.php(1115): Tymon/JWTAuth/Providers/AbstractServiceProvider->Tymon/JWTAuth/Providers/{closure}(Object(Illuminate/Foundation/Application), Array)
#11 C:/xampp/htdocs/Nueva_carpeta/API/vendor/laravel/framework/src/Illuminate/Container/Container.php(933): Illuminate/Container/Container->build(Object(Closure))
#12 C:/xampp/htdocs/Nueva_carpeta/API/vendor/laravel/framework/src/Illuminate/Foundation/Application.php(1078): Illuminate/Container/Container->resolve('tymon.jwt.provi...', Array, true)
#13 C:/xampp/htdocs/Nueva_carpeta/API/vendor/laravel/framework/src/Illuminate/Container/Container.php(864): Illuminate/Foundation/Application->resolve('tymon.jwt.provi...', Array)
#14 C:/xampp/htdocs/Nueva_carpeta/API/vendor/laravel/framework/src/Illuminate/Foundation/Application.php(1058): Illuminate/Container/Container->make('tymon.jwt.provi...', Array)
#15 C:/xampp/htdocs/Nueva_carpeta/API/vendor/laravel/framework/src/Illuminate/Container/Container.php(1805): Illuminate/Foundation/Application->make('tymon.jwt.provi...')
#16 C:/xampp/htdocs/Nueva_carpeta/API/vendor/tymon/jwt-auth/src/Providers/AbstractServiceProvider.php(208): Illuminate/Container/Container->offsetGet('tymon.jwt.provi...')
#17 C:/xampp/htdocs/Nueva_carpeta/API/vendor/laravel/framework/src/Illuminate/Container/Container.php(1115): Tymon/JWTAuth/Providers/AbstractServiceProvider->Tymon/JWTAuth/Providers/{closure}(Object(Illuminate/Foundation/Application), Array)
#18 C:/xampp/htdocs/Nueva_carpeta/API/vendor/laravel/framework/src/Illuminate/Container/Container.php(933): Illuminate/Container/Container->build(Object(Closure))
#19 C:/xampp/htdocs/Nueva_carpeta/API/vendor/laravel/framework/src/Illuminate/Foundation/Application.php(1078): Illuminate/Container/Container->resolve('tymon.jwt.manag...', Array, true)
#20 C:/xampp/htdocs/Nueva_carpeta/API/vendor/laravel/framework/src/Illuminate/Container/Container.php(864): Illuminate/Foundation/Application->resolve('tymon.jwt.manag...', Array)
#21 C:/xampp/htdocs/Nueva_carpeta/API/vendor/laravel/framework/src/Illuminate/Foundation/Application.php(1058): Illuminate/Container/Container->make('tymon.jwt.manag...', Array)
#22 C:/xampp/htdocs/Nueva_carpeta/API/vendor/laravel/framework/src/Illuminate/Container/Container.php(1805): Illuminate/Foundation/Application->make('tymon.jwt.manag...')
#23 C:/xampp/htdocs/Nueva_carpeta/API/vendor/tymon/jwt-auth/src/Providers/AbstractServiceProvider.php(250): Illuminate/Container/Container->offsetGet('tymon.jwt.manag...')
#24 C:/xampp/htdocs/Nueva_carpeta/API/vendor/laravel/framework/src/Illuminate/Container/Container.php(1115): Tymon/JWTAuth/Providers/AbstractServiceProvider->Tymon/JWTAuth/Providers/{closure}(Object(Illuminate/Foundation/Application), Array)
#25 C:/xampp/htdocs/Nueva_carpeta/API/vendor/laravel/framework/src/Illuminate/Container/Container.php(933): Illuminate/Container/Container->build(Object(Closure))
#26 C:/xampp/htdocs/Nueva_carpeta/API/vendor/laravel/framework/src/Illuminate/Foundation/Application.php(1078): Illuminate/Container/Container->resolve('tymon.jwt', Array, true)
#27 C:/xampp/htdocs/Nueva_carpeta/API/vendor/laravel/framework/src/Illuminate/Container/Container.php(864): Illuminate/Foundation/Application->resolve('tymon.jwt', Array)
#28 C:/xampp/htdocs/Nueva_carpeta/API/vendor/laravel/framework/src/Illuminate/Foundation/Application.php(1058): Illuminate/Container/Container->make('tymon.jwt', Array)
#29 C:/xampp/htdocs/Nueva_carpeta/API/vendor/laravel/framework/src/Illuminate/Container/Container.php(1805): Illuminate/Foundation/Application->make('tymon.jwt')
#30 C:/xampp/htdocs/Nueva_carpeta/API/vendor/tymon/jwt-auth/src/Providers/AbstractServiceProvider.php(96): Illuminate/Container/Container->offsetGet('tymon.jwt')
#31 C:/xampp/htdocs/Nueva_carpeta/API/vendor/laravel/framework/src/Illuminate/Auth/AuthManager.php(112): Tymon/JWTAuth/Providers/AbstractServiceProvider->Tymon/JWTAuth/Providers/{closure}(Object(Illuminate/Foundation/Application), 'api', Array)
#32 C:/xampp/htdocs/Nueva_carpeta/API/vendor/laravel/framework/src/Illuminate/Auth/AuthManager.php(89): Illuminate/Auth/AuthManager->callCustomCreator('api', Array)
#33 C:/xampp/htdocs/Nueva_carpeta/API/vendor/laravel/framework/src/Illuminate/Auth/AuthManager.php(69): Illuminate/Auth/AuthManager->resolve('api')
#34 C:/xampp/htdocs/Nueva_carpeta/API/vendor/laravel/framework/src/Illuminate/Auth/AuthServiceProvider.php(39): Illuminate/Auth/AuthManager->guard()
#35 C:/xampp/htdocs/Nueva_carpeta/API/vendor/laravel/framework/src/Illuminate/Container/Container.php(1115): Illuminate/Auth/AuthServiceProvider->Illuminate/Auth/{closure}(Object(Illuminate/Foundation/Application), Array)
#36 C:/xampp/htdocs/Nueva_carpeta/API/vendor/laravel/framework/src/Illuminate/Container/Container.php(933): Illuminate/Container/Container->build(Object(Closure))
#37 C:/xampp/htdocs/Nueva_carpeta/API/vendor/laravel/framework/src/Illuminate/Foundation/Application.php(1078): Illuminate/Container/Container->resolve('auth.driver', Array, true)
#38 C:/xampp/htdocs/Nueva_carpeta/API/vendor/laravel/framework/src/Illuminate/Container/Container.php(864): Illuminate/Foundation/Application->resolve('auth.driver', Array)
#39 C:/xampp/htdocs/Nueva_carpeta/API/vendor/laravel/framework/src/Illuminate/Foundation/Application.php(1058): Illuminate/Container/Container->make('auth.driver', Array)
#40 C:/xampp/htdocs/Nueva_carpeta/API/vendor/laravel/framework/src/Illuminate/Session/DatabaseSessionHandler.php(220): Illuminate/Foundation/Application->make('auth.driver')
#41 C:/xampp/htdocs/Nueva_carpeta/API/vendor/laravel/framework/src/Illuminate/Session/DatabaseSessionHandler.php(207): Illuminate/Session/DatabaseSessionHandler->userId()
#42 C:/xampp/htdocs/Nueva_carpeta/API/vendor/laravel/framework/src/Illuminate/Session/DatabaseSessionHandler.php(193): Illuminate/Session/DatabaseSessionHandler->addUserInformation(Array)
#43 C:/xampp/htdocs/Nueva_carpeta/API/vendor/laravel/framework/src/Illuminate/Support/helpers.php(388): Illuminate/Session/DatabaseSessionHandler->Illuminate/Session/{closure}(Array)
#44 C:/xampp/htdocs/Nueva_carpeta/API/vendor/laravel/framework/src/Illuminate/Session/DatabaseSessionHandler.php(192): tap(Array, Object(Closure))
#45 C:/xampp/htdocs/Nueva_carpeta/API/vendor/laravel/framework/src/Illuminate/Session/DatabaseSessionHandler.php(132): Illuminate/Session/DatabaseSessionHandler->getDefaultPayload('a:3:{s:6:\"_toke...')
#46 C:/xampp/htdocs/Nueva_carpeta/API/vendor/laravel/framework/src/Illuminate/Session/Store.php(187): Illuminate/Session/DatabaseSessionHandler->write('dB6RZz7aPJ6H1DO...', 'a:3:{s:6:\"_toke...')
#47 C:/xampp/htdocs/Nueva_carpeta/API/vendor/laravel/framework/src/Illuminate/Session/Middleware/StartSession.php(248): Illuminate/Session/Store->save()
#48 C:/xampp/htdocs/Nueva_carpeta/API/vendor/laravel/framework/src/Illuminate/Session/Middleware/StartSession.php(129): Illuminate/Session/Middleware/StartSession->saveSession(Object(Illuminate/Http/Request))
#49 C:/xampp/htdocs/Nueva_carpeta/API/vendor/laravel/framework/src/Illuminate/Session/Middleware/StartSession.php(63): Illuminate/Session/Middleware/StartSession->handleStatefulRequest(Object(Illuminate/Http/Request), Object(Illuminate/Session/Store), Object(Closure))
#50 C:/xampp/htdocs/Nueva_carpeta/API/vendor/laravel/framework/src/Illuminate/Pipeline/Pipeline.php(219): Illuminate/Session/Middleware/StartSession->handle(Object(Illuminate/Http/Request), Object(Closure))
#51 C:/xampp/htdocs/Nueva_carpeta/API/vendor/laravel/framework/src/Illuminate/Cookie/Middleware/AddQueuedCookiesToResponse.php(36): Illuminate/Pipeline/Pipeline->Illuminate/Pipeline/{closure}(Object(Illuminate/Http/Request))
#52 C:/xampp/htdocs/Nueva_carpeta/API/vendor/laravel/framework/src/Illuminate/Pipeline/Pipeline.php(219): Illuminate/Cookie/Middleware/AddQueuedCookiesToResponse->handle(Object(Illuminate/Http/Request), Object(Closure))
#53 C:/xampp/htdocs/Nueva_carpeta/API/vendor/laravel/framework/src/Illuminate/Cookie/Middleware/EncryptCookies.php(74): Illuminate/Pipeline/Pipeline->Illuminate/Pipeline/{closure}(Object(Illuminate/Http/Request))
#54 C:/xampp/htdocs/Nueva_carpeta/API/vendor/laravel/framework/src/Illuminate/Pipeline/Pipeline.php(219): Illuminate/Cookie/Middleware/EncryptCookies->handle(Object(Illuminate/Http/Request), Object(Closure))
#55 C:/xampp/htdocs/Nueva_carpeta/API/vendor/laravel/framework/src/Illuminate/Pipeline/Pipeline.php(137): Illuminate/Pipeline/Pipeline->Illuminate/Pipeline/{closure}(Object(Illuminate/Http/Request))
#56 C:/xampp/htdocs/Nueva_carpeta/API/vendor/laravel/framework/src/Illuminate/Routing/Router.php(821): Illuminate/Pipeline/Pipeline->then(Object(Closure))
#57 C:/xampp/htdocs/Nueva_carpeta/API/vendor/laravel/framework/src/Illuminate/Routing/Router.php(800): Illuminate/Routing/Router->runRouteWithinStack(Object(Illuminate/Routing/Route), Object(Illuminate/Http/Request))
#58 C:/xampp/htdocs/Nueva_carpeta/API/vendor/laravel/framework/src/Illuminate/Routing/Router.php(764): Illuminate/Routing/Router->runRoute(Object(Illuminate/Http/Request), Object(Illuminate/Routing/Route))
#59 C:/xampp/htdocs/Nueva_carpeta/API/vendor/laravel/framework/src/Illuminate/Routing/Router.php(753): Illuminate/Routing/Router->dispatchToRoute(Object(Illuminate/Http/Request))
#60 C:/xampp/htdocs/Nueva_carpeta/API/vendor/laravel/framework/src/Illuminate/Foundation/Http/Kernel.php(200): Illuminate/Routing/Router->dispatch(Object(Illuminate/Http/Request))
#61 C:/xampp/htdocs/Nueva_carpeta/API/vendor/laravel/framework/src/Illuminate/Pipeline/Pipeline.php(180): Illuminate/Foundation/Http/Kernel->Illuminate/Foundation/Http/{closure}(Object(Illuminate/Http/Request))
#62 C:/xampp/htdocs/Nueva_carpeta/API/vendor/laravel/framework/src/Illuminate/Foundation/Http/Middleware/TransformsRequest.php(21): Illuminate/Pipeline/Pipeline->Illuminate/Pipeline/{closure}(Object(Illuminate/Http/Request))
#63 C:/xampp/htdocs/Nueva_carpeta/API/vendor/laravel/framework/src/Illuminate/Foundation/Http/Middleware/ConvertEmptyStringsToNull.php(31): Illuminate/Foundation/Http/Middleware/TransformsRequest->handle(Object(Illuminate/Http/Request), Object(Closure))
#64 C:/xampp/htdocs/Nueva_carpeta/API/vendor/laravel/framework/src/Illuminate/Pipeline/Pipeline.php(219): Illuminate/Foundation/Http/Middleware/ConvertEmptyStringsToNull->handle(Object(Illuminate/Http/Request), Object(Closure))
#65 C:/xampp/htdocs/Nueva_carpeta/API/vendor/laravel/framework/src/Illuminate/Foundation/Http/Middleware/TransformsRequest.php(21): Illuminate/Pipeline/Pipeline->Illuminate/Pipeline/{closure}(Object(Illuminate/Http/Request))
#66 C:/xampp/htdocs/Nueva_carpeta/API/vendor/laravel/framework/src/Illuminate/Foundation/Http/Middleware/TrimStrings.php(51): Illuminate/Foundation/Http/Middleware/TransformsRequest->handle(Object(Illuminate/Http/Request), Object(Closure))
#67 C:/xampp/htdocs/Nueva_carpeta/API/vendor/laravel/framework/src/Illuminate/Pipeline/Pipeline.php(219): Illuminate/Foundation/Http/Middleware/TrimStrings->handle(Object(Illuminate/Http/Request), Object(Closure))
#68 C:/xampp/htdocs/Nueva_carpeta/API/vendor/laravel/framework/src/Illuminate/Http/Middleware/ValidatePostSize.php(27): Illuminate/Pipeline/Pipeline->Illuminate/Pipeline/{closure}(Object(Illuminate/Http/Request))
#69 C:/xampp/htdocs/Nueva_carpeta/API/vendor/laravel/framework/src/Illuminate/Pipeline/Pipeline.php(219): Illuminate/Http/Middleware/ValidatePostSize->handle(Object(Illuminate/Http/Request), Object(Closure))
#70 C:/xampp/htdocs/Nueva_carpeta/API/vendor/laravel/framework/src/Illuminate/Foundation/Http/Middleware/PreventRequestsDuringMaintenance.php(109): Illuminate/Pipeline/Pipeline->Illuminate/Pipeline/{closure}(Object(Illuminate/Http/Request))
#71 C:/xampp/htdocs/Nueva_carpeta/API/vendor/laravel/framework/src/Illuminate/Pipeline/Pipeline.php(219): Illuminate/Foundation/Http/Middleware/PreventRequestsDuringMaintenance->handle(Object(Illuminate/Http/Request), Object(Closure))
#72 C:/xampp/htdocs/Nueva_carpeta/API/vendor/laravel/framework/src/Illuminate/Http/Middleware/HandleCors.php(61): Illuminate/Pipeline/Pipeline->Illuminate/Pipeline/{closure}(Object(Illuminate/Http/Request))
#73 C:/xampp/htdocs/Nueva_carpeta/API/vendor/laravel/framework/src/Illuminate/Pipeline/Pipeline.php(219): Illuminate/Http/Middleware/HandleCors->handle(Object(Illuminate/Http/Request), Object(Closure))
#74 C:/xampp/htdocs/Nueva_carpeta/API/vendor/laravel/framework/src/Illuminate/Http/Middleware/TrustProxies.php(58): Illuminate/Pipeline/Pipeline->Illuminate/Pipeline/{closure}(Object(Illuminate/Http/Request))
#75 C:/xampp/htdocs/Nueva_carpeta/API/vendor/laravel/framework/src/Illuminate/Pipeline/Pipeline.php(219): Illuminate/Http/Middleware/TrustProxies->handle(Object(Illuminate/Http/Request), Object(Closure))
#76 C:/xampp/htdocs/Nueva_carpeta/API/vendor/laravel/framework/src/Illuminate/Foundation/Http/Middleware/InvokeDeferredCallbacks.php(22): Illuminate/Pipeline/Pipeline->Illuminate/Pipeline/{closure}(Object(Illuminate/Http/Request))
#77 C:/xampp/htdocs/Nueva_carpeta/API/vendor/laravel/framework/src/Illuminate/Pipeline/Pipeline.php(219): Illuminate/Foundation/Http/Middleware/InvokeDeferredCallbacks->handle(Object(Illuminate/Http/Request), Object(Closure))
#78 C:/xampp/htdocs/Nueva_carpeta/API/vendor/laravel/framework/src/Illuminate/Http/Middleware/ValidatePathEncoding.php(26): Illuminate/Pipeline/Pipeline->Illuminate/Pipeline/{closure}(Object(Illuminate/Http/Request))
#79 C:/xampp/htdocs/Nueva_carpeta/API/vendor/laravel/framework/src/Illuminate/Pipeline/Pipeline.php(219): Illuminate/Http/Middleware/ValidatePathEncoding->handle(Object(Illuminate/Http/Request), Object(Closure))
#80 C:/xampp/htdocs/Nueva_carpeta/API/vendor/laravel/framework/src/Illuminate/Pipeline/Pipeline.php(137): Illuminate/Pipeline/Pipeline->Illuminate/Pipeline/{closure}(Object(Illuminate/Http/Request))
#81 C:/xampp/htdocs/Nueva_carpeta/API/vendor/laravel/framework/src/Illuminate/Foundation/Http/Kernel.php(175): Illuminate/Pipeline/Pipeline->then(Object(Closure))
#82 C:/xampp/htdocs/Nueva_carpeta/API/vendor/laravel/framework/src/Illuminate/Foundation/Http/Kernel.php(144): Illuminate/Foundation/Http/Kernel->sendRequestThroughRouter(Object(Illuminate/Http/Request))
#83 C:/xampp/htdocs/Nueva_carpeta/API/vendor/laravel/framework/src/Illuminate/Foundation/Application.php(1220): Illuminate/Foundation/Http/Kernel->handle(Object(Illuminate/Http/Request))
#84 C:/xampp/htdocs/Nueva_carpeta/API/public/index.php(20): Illuminate/Foundation/Application->handleRequest(Object(Illuminate/Http/Request))
#85 C:/xampp/htdocs/Nueva_carpeta/API/vendor/laravel/framework/src/Illuminate/Foundation/resources/server.php(23): require_once('C://xampp//htdocs...')
#86 {main}
"} 
[2026-03-03 23:23:44] local.ERROR: JWT Exception: The token could not be parsed from the request  
[2026-03-03 23:23:47] local.ERROR: JWT Exception: The token could not be parsed from the request  
[2026-03-03 23:23:50] local.ERROR: JWT Exception: The token could not be parsed from the request  
[2026-03-03 23:23:53] local.ERROR: JWT Exception: The token could not be parsed from the request  
[2026-03-03 23:23:57] local.ERROR: JWT Exception: The token could not be parsed from the request  
[2026-03-03 23:27:14] local.ERROR: JWT Exception: The token could not be parsed from the request  
[2026-03-03 23:27:17] local.ERROR: JWT Exception: The token could not be parsed from the request  
[2026-03-03 23:29:56] local.ERROR: JWT Exception: The token could not be parsed from the request  
[2026-03-03 23:33:58] local.ERROR: Datos ingresados por el usuario {"errors":{"email":["El correo no registrado"]},"input":{"email":"j@soy.sena.edu.co"}} 
[2026-03-03 23:34:04] local.ERROR: JWT Exception: The token could not be parsed from the request  
[2026-03-03 23:34:07] local.ERROR: JWT Exception: The token could not be parsed from the request  
[2026-03-03 23:34:10] local.ERROR: JWT Exception: The token could not be parsed from the request  
[2026-03-03 23:34:13] local.ERROR: JWT Exception: The token could not be parsed from the request  
[2026-03-03 23:34:16] local.ERROR: JWT Exception: The token could not be parsed from the request  
